internal/modules/cjs/loader.js:905
  throw err;
  ^

Error: Cannot find module 'express'
Require stack:
- /home/tnpexygoyu/domains/edweb.site/react_app/server.js
- /usr/local/lsws/fcgi-bin/lsnode.js
    at Function.Module._resolveFilename (internal/modules/cjs/loader.js:902:15)
    at Function.Module._load (internal/modules/cjs/loader.js:746:27)
    at Module.require (internal/modules/cjs/loader.js:974:19)
    at require (internal/modules/cjs/helpers.js:101:18)
    at Object.<anonymous> (/home/tnpexygoyu/domains/edweb.site/react_app/server.js:2:17)
    at Module._compile (internal/modules/cjs/loader.js:1085:14)
    at Object.Module._extensions..js (internal/modules/cjs/loader.js:1114:10)
    at Module.load (internal/modules/cjs/loader.js:950:32)
    at Function.Module._load (internal/modules/cjs/loader.js:790:12)
    at Module.require (internal/modules/cjs/loader.js:974:19) {
  code: 'MODULE_NOT_FOUND',
  requireStack: [
    '/home/tnpexygoyu/domains/edweb.site/react_app/server.js',
    '/usr/local/lsws/fcgi-bin/lsnode.js'
  ]
}
internal/modules/cjs/loader.js:905
  throw err;
  ^

Error: Cannot find module 'express'
Require stack:
- /home/tnpexygoyu/domains/edweb.site/react_app/server.js
- /usr/local/lsws/fcgi-bin/lsnode.js
    at Function.Module._resolveFilename (internal/modules/cjs/loader.js:902:15)
    at Function.Module._load (internal/modules/cjs/loader.js:746:27)
    at Module.require (internal/modules/cjs/loader.js:974:19)
    at require (internal/modules/cjs/helpers.js:101:18)
    at Object.<anonymous> (/home/tnpexygoyu/domains/edweb.site/react_app/server.js:2:17)
    at Module._compile (internal/modules/cjs/loader.js:1085:14)
    at Object.Module._extensions..js (internal/modules/cjs/loader.js:1114:10)
    at Module.load (internal/modules/cjs/loader.js:950:32)
    at Function.Module._load (internal/modules/cjs/loader.js:790:12)
    at Module.require (internal/modules/cjs/loader.js:974:19) {
  code: 'MODULE_NOT_FOUND',
  requireStack: [
    '/home/tnpexygoyu/domains/edweb.site/react_app/server.js',
    '/usr/local/lsws/fcgi-bin/lsnode.js'
  ]
}
Error: ENOENT: no such file or directory, stat '/home/tnpexygoyu/domains/edweb.site/public_html/index.html'
Error: ENOENT: no such file or directory, stat '/index.html'
Error: ENOENT: no such file or directory, stat '/home/tnpexygoyu/domains/edweb.site/public_html/index.html'
Server Error: Not allowed by CORS
Server Error: Not allowed by CORS
Server Error: Not allowed by CORS
Error: AxiosError: Request failed with status code 400
    at settle (/home/tnpexygoyu/nodevenv/domains/edweb.site/react_app/14/lib/node_modules/axios/dist/node/axios.cjs:1913:12)
    at Unzip.handleStreamEnd (/home/tnpexygoyu/nodevenv/domains/edweb.site/react_app/14/lib/node_modules/axios/dist/node/axios.cjs:2995:11)
    at Unzip.emit (events.js:412:35)
    at endReadableNT (internal/streams/readable.js:1333:12)
    at processTicksAndRejections (internal/process/task_queues.js:82:21) {
  code: 'ERR_BAD_REQUEST',
  config: {
    transitional: {
      silentJSONParsing: true,
      forcedJSONParsing: true,
      clarifyTimeoutError: false
    },
    adapter: 'http',
    transformRequest: [ [Function: transformRequest] ],
    transformResponse: [ [Function: transformResponse] ],
    timeout: 0,
    xsrfCookieName: 'XSRF-TOKEN',
    xsrfHeaderName: 'X-XSRF-TOKEN',
    maxContentLength: -1,
    maxBodyLength: -1,
    env: { FormData: [Function], Blob: null },
    validateStatus: [Function: validateStatus],
    headers: Object [AxiosHeaders] {
      Accept: 'application/json, text/plain, */*',
      'Content-Type': 'application/json',
      'User-Agent': 'axios/1.5.0',
      'Content-Length': '2',
      'Accept-Encoding': 'gzip, compress, deflate, br'
    },
    params: {
      secret: '6LcJAeQnAAAAACHiPUfKOqZY4I8VWdtPFUSvcC4P',
      response: undefined
    },
    method: 'post',
    url: 'https://www.google.com/recaptcha/api/siteverify',
    data: '{}'
  },
  request: <ref *1> ClientRequest {
    _events: [Object: null prototype] {
      abort: [Function (anonymous)],
      aborted: [Function (anonymous)],
      connect: [Function (anonymous)],
      error: [Function (anonymous)],
      socket: [Function (anonymous)],
      timeout: [Function (anonymous)],
      prefinish: [Function: requestOnPrefinish]
    },
    _eventsCount: 7,
    _maxListeners: undefined,
    outputData: [],
    outputSize: 0,
    writable: true,
    destroyed: false,
    _last: true,
    chunkedEncoding: false,
    shouldKeepAlive: false,
    _defaultKeepAlive: true,
    useChunkedEncodingByDefault: true,
    sendDate: false,
    _removedConnection: false,
    _removedContLen: false,
    _removedTE: false,
    _contentLength: null,
    _hasBody: true,
    _trailer: '',
    finished: true,
    _headerSent: true,
    socket: TLSSocket {
      _tlsOptions: [Object],
      _secureEstablished: true,
      _securePending: false,
      _newSessionPending: false,
      _controlReleased: true,
      secureConnecting: false,
      _SNICallback: null,
      servername: false,
      alpnProtocol: false,
      authorized: true,
      authorizationError: null,
      encrypted: true,
      _events: [Object: null prototype],
      _eventsCount: 10,
      connecting: false,
      _hadError: false,
      _parent: null,
      _host: 'www.google.com',
      _readableState: [ReadableState],
      _maxListeners: undefined,
      _writableState: [WritableState],
      allowHalfOpen: false,
      _sockname: null,
      _pendingData: null,
      _pendingEncoding: '',
      server: undefined,
      _server: null,
      ssl: null,
      _requestCert: true,
      _rejectUnauthorized: true,
      parser: null,
      _httpMessage: [Circular *1],
      write: [Function: writeAfterFIN],
      [Symbol(res)]: [TLSWrap],
      [Symbol(verified)]: true,
      [Symbol(pendingSession)]: null,
      [Symbol(async_id_symbol)]: 143,
      [Symbol(kHandle)]: null,
      [Symbol(kSetNoDelay)]: false,
      [Symbol(lastWriteQueueSize)]: 0,
      [Symbol(timeout)]: null,
      [Symbol(kBuffer)]: null,
      [Symbol(kBufferCb)]: null,
      [Symbol(kBufferGen)]: null,
      [Symbol(kCapture)]: false,
      [Symbol(kBytesRead)]: 635,
      [Symbol(kBytesWritten)]: 299,
      [Symbol(connect-options)]: [Object],
      [Symbol(RequestTimeout)]: undefined
    },
    _header: 'POST /recaptcha/api/siteverify?secret=6LcJAeQnAAAAACHiPUfKOqZY4I8VWdtPFUSvcC4P HTTP/1.1\r\n' +
      'Accept: application/json, text/plain, */*\r\n' +
      'Content-Type: application/json\r\n' +
      'User-Agent: axios/1.5.0\r\n' +
      'Content-Length: 2\r\n' +
      'Accept-Encoding: gzip, compress, deflate, br\r\n' +
      'Host: www.google.com\r\n' +
      'Connection: close\r\n' +
      '\r\n',
    _keepAliveTimeout: 0,
    _onPendingData: [Function: noopPendingOutput],
    agent: Agent {
      _events: [Object: null prototype],
      _eventsCount: 2,
      _maxListeners: undefined,
      defaultPort: 443,
      protocol: 'https:',
      options: [Object],
      requests: {},
      sockets: [Object],
      freeSockets: {},
      keepAliveMsecs: 1000,
      keepAlive: false,
      maxSockets: Infinity,
      maxFreeSockets: 256,
      scheduling: 'lifo',
      maxTotalSockets: Infinity,
      totalSocketCount: 1,
      maxCachedSessions: 100,
      _sessionCache: [Object],
      [Symbol(kCapture)]: false
    },
    socketPath: undefined,
    method: 'POST',
    maxHeaderSize: undefined,
    insecureHTTPParser: undefined,
    path: '/recaptcha/api/siteverify?secret=6LcJAeQnAAAAACHiPUfKOqZY4I8VWdtPFUSvcC4P',
    _ended: true,
    res: IncomingMessage {
      _readableState: [ReadableState],
      _events: [Object: null prototype],
      _eventsCount: 5,
      _maxListeners: undefined,
      socket: [TLSSocket],
      httpVersionMajor: 1,
      httpVersionMinor: 1,
      httpVersion: '1.1',
      complete: true,
      headers: [Object],
      rawHeaders: [Array],
      trailers: {},
      rawTrailers: [],
      aborted: false,
      upgrade: false,
      url: '',
      method: null,
      statusCode: 400,
      statusMessage: 'Bad Request',
      client: [TLSSocket],
      _consuming: true,
      _dumped: false,
      req: [Circular *1],
      responseUrl: 'https://www.google.com/recaptcha/api/siteverify?secret=6LcJAeQnAAAAACHiPUfKOqZY4I8VWdtPFUSvcC4P',
      redirects: [],
      [Symbol(kCapture)]: false,
      [Symbol(RequestTimeout)]: undefined
    },
    aborted: false,
    timeoutCb: null,
    upgradeOrConnect: false,
    parser: null,
    maxHeadersCount: null,
    reusedSocket: false,
    host: 'www.google.com',
    protocol: 'https:',
    _redirectable: Writable {
      _writableState: [WritableState],
      _events: [Object: null prototype],
      _eventsCount: 3,
      _maxListeners: undefined,
      _options: [Object],
      _ended: true,
      _ending: true,
      _redirectCount: 0,
      _redirects: [],
      _requestBodyLength: 2,
      _requestBodyBuffers: [],
      _onNativeResponse: [Function (anonymous)],
      _currentRequest: [Circular *1],
      _currentUrl: 'https://www.google.com/recaptcha/api/siteverify?secret=6LcJAeQnAAAAACHiPUfKOqZY4I8VWdtPFUSvcC4P',
      [Symbol(kCapture)]: false
    },
    [Symbol(kCapture)]: false,
    [Symbol(kNeedDrain)]: false,
    [Symbol(corked)]: 0,
    [Symbol(kOutHeaders)]: [Object: null prototype] {
      accept: [Array],
      'content-type': [Array],
      'user-agent': [Array],
      'content-length': [Array],
      'accept-encoding': [Array],
      host: [Array]
    }
  },
  response: {
    status: 400,
    statusText: 'Bad Request',
    headers: Object [AxiosHeaders] {
      'content-type': 'application/json; charset=utf-8',
      date: 'Sat, 02 Sep 2023 16:23:54 GMT',
      expires: 'Sat, 02 Sep 2023 16:23:54 GMT',
      'cache-control': 'private, max-age=0',
      'x-content-type-options': 'nosniff',
      'x-frame-options': 'SAMEORIGIN',
      'content-security-policy': "frame-ancestors 'self'",
      'x-xss-protection': '1; mode=block',
      server: 'GSE',
      'alt-svc': 'h3=":443"; ma=2592000,h3-29=":443"; ma=2592000',
      connection: 'close',
      'transfer-encoding': 'chunked'
    },
    config: {
      transitional: [Object],
      adapter: 'http',
      transformRequest: [Array],
      transformResponse: [Array],
      timeout: 0,
      xsrfCookieName: 'XSRF-TOKEN',
      xsrfHeaderName: 'X-XSRF-TOKEN',
      maxContentLength: -1,
      maxBodyLength: -1,
      env: [Object],
      validateStatus: [Function: validateStatus],
      headers: [Object [AxiosHeaders]],
      params: [Object],
      method: 'post',
      url: 'https://www.google.com/recaptcha/api/siteverify',
      data: '{}'
    },
    request: <ref *1> ClientRequest {
      _events: [Object: null prototype],
      _eventsCount: 7,
      _maxListeners: undefined,
      outputData: [],
      outputSize: 0,
      writable: true,
      destroyed: false,
      _last: true,
      chunkedEncoding: false,
      shouldKeepAlive: false,
      _defaultKeepAlive: true,
      useChunkedEncodingByDefault: true,
      sendDate: false,
      _removedConnection: false,
      _removedContLen: false,
      _removedTE: false,
      _contentLength: null,
      _hasBody: true,
      _trailer: '',
      finished: true,
      _headerSent: true,
      socket: [TLSSocket],
      _header: 'POST /recaptcha/api/siteverify?secret=6LcJAeQnAAAAACHiPUfKOqZY4I8VWdtPFUSvcC4P HTTP/1.1\r\n' +
        'Accept: application/json, text/plain, */*\r\n' +
        'Content-Type: application/json\r\n' +
        'User-Agent: axios/1.5.0\r\n' +
        'Content-Length: 2\r\n' +
        'Accept-Encoding: gzip, compress, deflate, br\r\n' +
        'Host: www.google.com\r\n' +
        'Connection: close\r\n' +
        '\r\n',
      _keepAliveTimeout: 0,
      _onPendingData: [Function: noopPendingOutput],
      agent: [Agent],
      socketPath: undefined,
      method: 'POST',
      maxHeaderSize: undefined,
      insecureHTTPParser: undefined,
      path: '/recaptcha/api/siteverify?secret=6LcJAeQnAAAAACHiPUfKOqZY4I8VWdtPFUSvcC4P',
      _ended: true,
      res: [IncomingMessage],
      aborted: false,
      timeoutCb: null,
      upgradeOrConnect: false,
      parser: null,
      maxHeadersCount: null,
      reusedSocket: false,
      host: 'www.google.com',
      protocol: 'https:',
      _redirectable: [Writable],
      [Symbol(kCapture)]: false,
      [Symbol(kNeedDrain)]: false,
      [Symbol(corked)]: 0,
      [Symbol(kOutHeaders)]: [Object: null prototype]
    },
    data: { success: false, 'error-codes': [Array] }
  }
}
(node:3583) UnhandledPromiseRejectionWarning: ReferenceError: i18n is not defined
    at /home/tnpexygoyu/domains/edweb.site/react_app/server.js:110:13
    at Layer.handle [as handle_request] (/home/tnpexygoyu/nodevenv/domains/edweb.site/react_app/14/lib/node_modules/express/lib/router/layer.js:95:5)
    at next (/home/tnpexygoyu/nodevenv/domains/edweb.site/react_app/14/lib/node_modules/express/lib/router/route.js:144:13)
    at Route.dispatch (/home/tnpexygoyu/nodevenv/domains/edweb.site/react_app/14/lib/node_modules/express/lib/router/route.js:114:3)
    at Layer.handle [as handle_request] (/home/tnpexygoyu/nodevenv/domains/edweb.site/react_app/14/lib/node_modules/express/lib/router/layer.js:95:5)
    at /home/tnpexygoyu/nodevenv/domains/edweb.site/react_app/14/lib/node_modules/express/lib/router/index.js:284:15
    at Function.process_params (/home/tnpexygoyu/nodevenv/domains/edweb.site/react_app/14/lib/node_modules/express/lib/router/index.js:346:12)
    at next (/home/tnpexygoyu/nodevenv/domains/edweb.site/react_app/14/lib/node_modules/express/lib/router/index.js:280:10)
    at cors (/home/tnpexygoyu/nodevenv/domains/edweb.site/react_app/14/lib/node_modules/cors/lib/index.js:188:7)
    at /home/tnpexygoyu/nodevenv/domains/edweb.site/react_app/14/lib/node_modules/cors/lib/index.js:224:17
(Use `node --trace-warnings ...` to show where the warning was created)
(node:3583) UnhandledPromiseRejectionWarning: Unhandled promise rejection. This error originated either by throwing inside of an async function without a catch block, or by rejecting a promise which was not handled with .catch(). To terminate the node process on unhandled promise rejection, use the CLI flag `--unhandled-rejections=strict` (see https://nodejs.org/api/cli.html#cli_unhandled_rejections_mode). (rejection id: 2)
(node:3583) [DEP0018] DeprecationWarning: Unhandled promise rejections are deprecated. In the future, promise rejections that are not handled will terminate the Node.js process with a non-zero exit code.
(node:3583) UnhandledPromiseRejectionWarning: ReferenceError: i18n is not defined
    at /home/tnpexygoyu/domains/edweb.site/react_app/server.js:110:13
    at Layer.handle [as handle_request] (/home/tnpexygoyu/nodevenv/domains/edweb.site/react_app/14/lib/node_modules/express/lib/router/layer.js:95:5)
    at next (/home/tnpexygoyu/nodevenv/domains/edweb.site/react_app/14/lib/node_modules/express/lib/router/route.js:144:13)
    at Route.dispatch (/home/tnpexygoyu/nodevenv/domains/edweb.site/react_app/14/lib/node_modules/express/lib/router/route.js:114:3)
    at Layer.handle [as handle_request] (/home/tnpexygoyu/nodevenv/domains/edweb.site/react_app/14/lib/node_modules/express/lib/router/layer.js:95:5)
    at /home/tnpexygoyu/nodevenv/domains/edweb.site/react_app/14/lib/node_modules/express/lib/router/index.js:284:15
    at Function.process_params (/home/tnpexygoyu/nodevenv/domains/edweb.site/react_app/14/lib/node_modules/express/lib/router/index.js:346:12)
    at next (/home/tnpexygoyu/nodevenv/domains/edweb.site/react_app/14/lib/node_modules/express/lib/router/index.js:280:10)
    at cors (/home/tnpexygoyu/nodevenv/domains/edweb.site/react_app/14/lib/node_modules/cors/lib/index.js:188:7)
    at /home/tnpexygoyu/nodevenv/domains/edweb.site/react_app/14/lib/node_modules/cors/lib/index.js:224:17
(node:3583) UnhandledPromiseRejectionWarning: Unhandled promise rejection. This error originated either by throwing inside of an async function without a catch block, or by rejecting a promise which was not handled with .catch(). To terminate the node process on unhandled promise rejection, use the CLI flag `--unhandled-rejections=strict` (see https://nodejs.org/api/cli.html#cli_unhandled_rejections_mode). (rejection id: 3)
(node:3583) UnhandledPromiseRejectionWarning: ReferenceError: i18n is not defined
    at /home/tnpexygoyu/domains/edweb.site/react_app/server.js:110:13
    at Layer.handle [as handle_request] (/home/tnpexygoyu/nodevenv/domains/edweb.site/react_app/14/lib/node_modules/express/lib/router/layer.js:95:5)
    at next (/home/tnpexygoyu/nodevenv/domains/edweb.site/react_app/14/lib/node_modules/express/lib/router/route.js:144:13)
    at Route.dispatch (/home/tnpexygoyu/nodevenv/domains/edweb.site/react_app/14/lib/node_modules/express/lib/router/route.js:114:3)
    at Layer.handle [as handle_request] (/home/tnpexygoyu/nodevenv/domains/edweb.site/react_app/14/lib/node_modules/express/lib/router/layer.js:95:5)
    at /home/tnpexygoyu/nodevenv/domains/edweb.site/react_app/14/lib/node_modules/express/lib/router/index.js:284:15
    at Function.process_params (/home/tnpexygoyu/nodevenv/domains/edweb.site/react_app/14/lib/node_modules/express/lib/router/index.js:346:12)
    at next (/home/tnpexygoyu/nodevenv/domains/edweb.site/react_app/14/lib/node_modules/express/lib/router/index.js:280:10)
    at cors (/home/tnpexygoyu/nodevenv/domains/edweb.site/react_app/14/lib/node_modules/cors/lib/index.js:188:7)
    at /home/tnpexygoyu/nodevenv/domains/edweb.site/react_app/14/lib/node_modules/cors/lib/index.js:224:17
(node:3583) UnhandledPromiseRejectionWarning: Unhandled promise rejection. This error originated either by throwing inside of an async function without a catch block, or by rejecting a promise which was not handled with .catch(). To terminate the node process on unhandled promise rejection, use the CLI flag `--unhandled-rejections=strict` (see https://nodejs.org/api/cli.html#cli_unhandled_rejections_mode). (rejection id: 4)
(node:3583) UnhandledPromiseRejectionWarning: ReferenceError: i18n is not defined
    at /home/tnpexygoyu/domains/edweb.site/react_app/server.js:110:13
    at Layer.handle [as handle_request] (/home/tnpexygoyu/nodevenv/domains/edweb.site/react_app/14/lib/node_modules/express/lib/router/layer.js:95:5)
    at next (/home/tnpexygoyu/nodevenv/domains/edweb.site/react_app/14/lib/node_modules/express/lib/router/route.js:144:13)
    at Route.dispatch (/home/tnpexygoyu/nodevenv/domains/edweb.site/react_app/14/lib/node_modules/express/lib/router/route.js:114:3)
    at Layer.handle [as handle_request] (/home/tnpexygoyu/nodevenv/domains/edweb.site/react_app/14/lib/node_modules/express/lib/router/layer.js:95:5)
    at /home/tnpexygoyu/nodevenv/domains/edweb.site/react_app/14/lib/node_modules/express/lib/router/index.js:284:15
    at Function.process_params (/home/tnpexygoyu/nodevenv/domains/edweb.site/react_app/14/lib/node_modules/express/lib/router/index.js:346:12)
    at next (/home/tnpexygoyu/nodevenv/domains/edweb.site/react_app/14/lib/node_modules/express/lib/router/index.js:280:10)
    at cors (/home/tnpexygoyu/nodevenv/domains/edweb.site/react_app/14/lib/node_modules/cors/lib/index.js:188:7)
    at /home/tnpexygoyu/nodevenv/domains/edweb.site/react_app/14/lib/node_modules/cors/lib/index.js:224:17
(node:3583) UnhandledPromiseRejectionWarning: Unhandled promise rejection. This error originated either by throwing inside of an async function without a catch block, or by rejecting a promise which was not handled with .catch(). To terminate the node process on unhandled promise rejection, use the CLI flag `--unhandled-rejections=strict` (see https://nodejs.org/api/cli.html#cli_unhandled_rejections_mode). (rejection id: 5)
(node:3583) UnhandledPromiseRejectionWarning: ReferenceError: i18n is not defined
    at /home/tnpexygoyu/domains/edweb.site/react_app/server.js:110:13
    at Layer.handle [as handle_request] (/home/tnpexygoyu/nodevenv/domains/edweb.site/react_app/14/lib/node_modules/express/lib/router/layer.js:95:5)
    at next (/home/tnpexygoyu/nodevenv/domains/edweb.site/react_app/14/lib/node_modules/express/lib/router/route.js:144:13)
    at Route.dispatch (/home/tnpexygoyu/nodevenv/domains/edweb.site/react_app/14/lib/node_modules/express/lib/router/route.js:114:3)
    at Layer.handle [as handle_request] (/home/tnpexygoyu/nodevenv/domains/edweb.site/react_app/14/lib/node_modules/express/lib/router/layer.js:95:5)
    at /home/tnpexygoyu/nodevenv/domains/edweb.site/react_app/14/lib/node_modules/express/lib/router/index.js:284:15
    at Function.process_params (/home/tnpexygoyu/nodevenv/domains/edweb.site/react_app/14/lib/node_modules/express/lib/router/index.js:346:12)
    at next (/home/tnpexygoyu/nodevenv/domains/edweb.site/react_app/14/lib/node_modules/express/lib/router/index.js:280:10)
    at cors (/home/tnpexygoyu/nodevenv/domains/edweb.site/react_app/14/lib/node_modules/cors/lib/index.js:188:7)
    at /home/tnpexygoyu/nodevenv/domains/edweb.site/react_app/14/lib/node_modules/cors/lib/index.js:224:17
(node:3583) UnhandledPromiseRejectionWarning: Unhandled promise rejection. This error originated either by throwing inside of an async function without a catch block, or by rejecting a promise which was not handled with .catch(). To terminate the node process on unhandled promise rejection, use the CLI flag `--unhandled-rejections=strict` (see https://nodejs.org/api/cli.html#cli_unhandled_rejections_mode). (rejection id: 6)
i18next::backendConnector: loading namespace translation for language en failed TypeError: Only absolute URLs are supported
    at getNodeRequestOptions (/home/tnpexygoyu/nodevenv/domains/edweb.site/react_app/14/lib/node_modules/node-fetch/lib/index.js:1327:9)
    at /home/tnpexygoyu/nodevenv/domains/edweb.site/react_app/14/lib/node_modules/node-fetch/lib/index.js:1450:19
    at new Promise (<anonymous>)
    at fetch (/home/tnpexygoyu/nodevenv/domains/edweb.site/react_app/14/lib/node_modules/node-fetch/lib/index.js:1447:9)
    at fetch (/home/tnpexygoyu/nodevenv/domains/edweb.site/react_app/14/lib/node_modules/cross-fetch/dist/node-ponyfill.js:10:20)
    at fetchIt (/home/tnpexygoyu/nodevenv/domains/edweb.site/react_app/14/lib/node_modules/i18next-http-backend/cjs/request.js:52:3)
    at requestWithFetch (/home/tnpexygoyu/nodevenv/domains/edweb.site/react_app/14/lib/node_modules/i18next-http-backend/cjs/request.js:78:5)
    at Object.request (/home/tnpexygoyu/nodevenv/domains/edweb.site/react_app/14/lib/node_modules/i18next-http-backend/cjs/request.js:144:12)
    at Backend.loadUrl (/home/tnpexygoyu/nodevenv/domains/edweb.site/react_app/14/lib/node_modules/i18next-http-backend/cjs/index.js:107:20)
    at /home/tnpexygoyu/nodevenv/domains/edweb.site/react_app/14/lib/node_modules/i18next-http-backend/cjs/index.js:97:16
Error: Request aborted
    at onaborted (/home/tnpexygoyu/nodevenv/domains/edweb.site/react_app/14/lib/node_modules/express/lib/response.js:1052:15)
    at Immediate._onImmediate (/home/tnpexygoyu/nodevenv/domains/edweb.site/react_app/14/lib/node_modules/express/lib/response.js:1094:9)
    at processImmediate (internal/timers.js:464:21) {
  code: 'ECONNABORTED'
}
Error: Request aborted
    at onaborted (/home/tnpexygoyu/nodevenv/domains/edweb.site/react_app/14/lib/node_modules/express/lib/response.js:1052:15)
    at Immediate._onImmediate (/home/tnpexygoyu/nodevenv/domains/edweb.site/react_app/14/lib/node_modules/express/lib/response.js:1094:9)
    at processImmediate (internal/timers.js:464:21) {
  code: 'ECONNABORTED'
}
Error: Request aborted
    at onaborted (/home/tnpexygoyu/nodevenv/domains/edweb.site/react_app/14/lib/node_modules/express/lib/response.js:1052:15)
    at Immediate._onImmediate (/home/tnpexygoyu/nodevenv/domains/edweb.site/react_app/14/lib/node_modules/express/lib/response.js:1094:9)
    at processImmediate (internal/timers.js:464:21) {
  code: 'ECONNABORTED'
}
Error: Request aborted
    at onaborted (/home/tnpexygoyu/nodevenv/domains/edweb.site/react_app/14/lib/node_modules/express/lib/response.js:1052:15)
    at Immediate._onImmediate (/home/tnpexygoyu/nodevenv/domains/edweb.site/react_app/14/lib/node_modules/express/lib/response.js:1094:9)
    at processImmediate (internal/timers.js:464:21) {
  code: 'ECONNABORTED'
}
Error: Request aborted
    at onaborted (/home/tnpexygoyu/nodevenv/domains/edweb.site/react_app/14/lib/node_modules/express/lib/response.js:1052:15)
    at Immediate._onImmediate (/home/tnpexygoyu/nodevenv/domains/edweb.site/react_app/14/lib/node_modules/express/lib/response.js:1094:9)
    at processImmediate (internal/timers.js:464:21) {
  code: 'ECONNABORTED'
}
internal/modules/cjs/loader.js:905
  throw err;
  ^

Error: Cannot find module 'express'
Require stack:
- /home/urwqovlpkp/domains/edweb.site/react_app/server.js
- /usr/local/lsws/fcgi-bin/lsnode.js
    at Function.Module._resolveFilename (internal/modules/cjs/loader.js:902:15)
    at Function.Module._load (internal/modules/cjs/loader.js:746:27)
    at Module.require (internal/modules/cjs/loader.js:974:19)
    at require (internal/modules/cjs/helpers.js:101:18)
    at Object.<anonymous> (/home/urwqovlpkp/domains/edweb.site/react_app/server.js:2:17)
    at Module._compile (internal/modules/cjs/loader.js:1085:14)
    at Object.Module._extensions..js (internal/modules/cjs/loader.js:1114:10)
    at Module.load (internal/modules/cjs/loader.js:950:32)
    at Function.Module._load (internal/modules/cjs/loader.js:790:12)
    at Module.require (internal/modules/cjs/loader.js:974:19) {
  code: 'MODULE_NOT_FOUND',
  requireStack: [
    '/home/urwqovlpkp/domains/edweb.site/react_app/server.js',
    '/usr/local/lsws/fcgi-bin/lsnode.js'
  ]
}
internal/modules/cjs/loader.js:905
  throw err;
  ^

Error: Cannot find module 'express'
Require stack:
- /home/urwqovlpkp/domains/edweb.site/react_app/server.js
- /usr/local/lsws/fcgi-bin/lsnode.js
    at Function.Module._resolveFilename (internal/modules/cjs/loader.js:902:15)
    at Function.Module._load (internal/modules/cjs/loader.js:746:27)
    at Module.require (internal/modules/cjs/loader.js:974:19)
    at require (internal/modules/cjs/helpers.js:101:18)
    at Object.<anonymous> (/home/urwqovlpkp/domains/edweb.site/react_app/server.js:2:17)
    at Module._compile (internal/modules/cjs/loader.js:1085:14)
    at Object.Module._extensions..js (internal/modules/cjs/loader.js:1114:10)
    at Module.load (internal/modules/cjs/loader.js:950:32)
    at Function.Module._load (internal/modules/cjs/loader.js:790:12)
    at Module.require (internal/modules/cjs/loader.js:974:19) {
  code: 'MODULE_NOT_FOUND',
  requireStack: [
    '/home/urwqovlpkp/domains/edweb.site/react_app/server.js',
    '/usr/local/lsws/fcgi-bin/lsnode.js'
  ]
}
[Error: ENOENT: no such file or directory, stat '/home/urwqovlpkp/domains/edweb.site/public_html/index.html'] {
  errno: -2,
  code: 'ENOENT',
  syscall: 'stat',
  path: '/home/urwqovlpkp/domains/edweb.site/public_html/index.html',
  expose: false,
  statusCode: 404,
  status: 404
}
[Error: ENOENT: no such file or directory, stat '/home/urwqovlpkp/domains/edweb.site/public_html/index.html'] {
  errno: -2,
  code: 'ENOENT',
  syscall: 'stat',
  path: '/home/urwqovlpkp/domains/edweb.site/public_html/index.html',
  expose: false,
  statusCode: 404,
  status: 404
}
Error: Request aborted
    at onaborted (/home/urwqovlpkp/nodevenv/domains/edweb.site/react_app/14/lib/node_modules/express/lib/response.js:1052:15)
    at Immediate._onImmediate (/home/urwqovlpkp/nodevenv/domains/edweb.site/react_app/14/lib/node_modules/express/lib/response.js:1094:9)
    at processImmediate (internal/timers.js:464:21) {
  code: 'ECONNABORTED'
}
Error: Request aborted
    at onaborted (/home/urwqovlpkp/nodevenv/domains/edweb.site/react_app/14/lib/node_modules/express/lib/response.js:1052:15)
    at Immediate._onImmediate (/home/urwqovlpkp/nodevenv/domains/edweb.site/react_app/14/lib/node_modules/express/lib/response.js:1094:9)
    at processImmediate (internal/timers.js:464:21) {
  code: 'ECONNABORTED'
}
Error: Request aborted
    at onaborted (/home/urwqovlpkp/nodevenv/domains/edweb.site/react_app/14/lib/node_modules/express/lib/response.js:1052:15)
    at Immediate._onImmediate (/home/urwqovlpkp/nodevenv/domains/edweb.site/react_app/14/lib/node_modules/express/lib/response.js:1094:9)
    at processImmediate (internal/timers.js:464:21) {
  code: 'ECONNABORTED'
}
Error: Request aborted
    at onaborted (/home/urwqovlpkp/nodevenv/domains/edweb.site/react_app/14/lib/node_modules/express/lib/response.js:1052:15)
    at Immediate._onImmediate (/home/urwqovlpkp/nodevenv/domains/edweb.site/react_app/14/lib/node_modules/express/lib/response.js:1094:9)
    at processImmediate (internal/timers.js:464:21) {
  code: 'ECONNABORTED'
}
Error: Request aborted
    at onaborted (/home/urwqovlpkp/nodevenv/domains/edweb.site/react_app/14/lib/node_modules/express/lib/response.js:1052:15)
    at Immediate._onImmediate (/home/urwqovlpkp/nodevenv/domains/edweb.site/react_app/14/lib/node_modules/express/lib/response.js:1094:9)
    at processImmediate (internal/timers.js:464:21) {
  code: 'ECONNABORTED'
}
Error: Request aborted
    at onaborted (/home/urwqovlpkp/nodevenv/domains/edweb.site/react_app/14/lib/node_modules/express/lib/response.js:1052:15)
    at Immediate._onImmediate (/home/urwqovlpkp/nodevenv/domains/edweb.site/react_app/14/lib/node_modules/express/lib/response.js:1094:9)
    at processImmediate (internal/timers.js:464:21) {
  code: 'ECONNABORTED'
}
internal/modules/cjs/loader.js:905
  throw err;
  ^

Error: Cannot find module 'express'
Require stack:
- /home/urwqovlpkp/domains/edweb.site/react_app_v1/server.js
- /usr/local/lsws/fcgi-bin/lsnode.js
    at Function.Module._resolveFilename (internal/modules/cjs/loader.js:902:15)
    at Function.Module._load (internal/modules/cjs/loader.js:746:27)
    at Module.require (internal/modules/cjs/loader.js:974:19)
    at require (internal/modules/cjs/helpers.js:101:18)
    at Object.<anonymous> (/home/urwqovlpkp/domains/edweb.site/react_app_v1/server.js:2:17)
    at Module._compile (internal/modules/cjs/loader.js:1085:14)
    at Object.Module._extensions..js (internal/modules/cjs/loader.js:1114:10)
    at Module.load (internal/modules/cjs/loader.js:950:32)
    at Function.Module._load (internal/modules/cjs/loader.js:790:12)
    at Module.require (internal/modules/cjs/loader.js:974:19) {
  code: 'MODULE_NOT_FOUND',
  requireStack: [
    '/home/urwqovlpkp/domains/edweb.site/react_app_v1/server.js',
    '/usr/local/lsws/fcgi-bin/lsnode.js'
  ]
}
[Error: ENOENT: no such file or directory, stat '/home/urwqovlpkp/domains/edweb.site/public_html/index.html'] {
  errno: -2,
  code: 'ENOENT',
  syscall: 'stat',
  path: '/home/urwqovlpkp/domains/edweb.site/public_html/index.html',
  expose: false,
  statusCode: 404,
  status: 404
}
[Error: ENOENT: no such file or directory, stat '/home/urwqovlpkp/domains/edweb.site/public_html/index.html'] {
  errno: -2,
  code: 'ENOENT',
  syscall: 'stat',
  path: '/home/urwqovlpkp/domains/edweb.site/public_html/index.html',
  expose: false,
  statusCode: 404,
  status: 404
}
[Error: ENOENT: no such file or directory, stat '/home/urwqovlpkp/domains/edweb.site/public_html/index.html'] {
  errno: -2,
  code: 'ENOENT',
  syscall: 'stat',
  path: '/home/urwqovlpkp/domains/edweb.site/public_html/index.html',
  expose: false,
  statusCode: 404,
  status: 404
}
[Error: ENOENT: no such file or directory, stat '/home/urwqovlpkp/domains/edweb.site/public_html/index.html'] {
  errno: -2,
  code: 'ENOENT',
  syscall: 'stat',
  path: '/home/urwqovlpkp/domains/edweb.site/public_html/index.html',
  expose: false,
  statusCode: 404,
  status: 404
}
[Error: ENOENT: no such file or directory, stat '/home/urwqovlpkp/domains/edweb.site/public_html/index.html'] {
  errno: -2,
  code: 'ENOENT',
  syscall: 'stat',
  path: '/home/urwqovlpkp/domains/edweb.site/public_html/index.html',
  expose: false,
  statusCode: 404,
  status: 404
}
[Error: ENOENT: no such file or directory, stat '/home/urwqovlpkp/domains/edweb.site/public_html/index.html'] {
  errno: -2,
  code: 'ENOENT',
  syscall: 'stat',
  path: '/home/urwqovlpkp/domains/edweb.site/public_html/index.html',
  expose: false,
  statusCode: 404,
  status: 404
}
[Error: ENOENT: no such file or directory, stat '/home/urwqovlpkp/domains/edweb.site/public_html/index.html'] {
  errno: -2,
  code: 'ENOENT',
  syscall: 'stat',
  path: '/home/urwqovlpkp/domains/edweb.site/public_html/index.html',
  expose: false,
  statusCode: 404,
  status: 404
}
[Error: ENOENT: no such file or directory, stat '/home/urwqovlpkp/domains/edweb.site/public_html/index.html'] {
  errno: -2,
  code: 'ENOENT',
  syscall: 'stat',
  path: '/home/urwqovlpkp/domains/edweb.site/public_html/index.html',
  expose: false,
  statusCode: 404,
  status: 404
}
[Error: ENOENT: no such file or directory, stat '/home/urwqovlpkp/domains/edweb.site/public_html/index.html'] {
  errno: -2,
  code: 'ENOENT',
  syscall: 'stat',
  path: '/home/urwqovlpkp/domains/edweb.site/public_html/index.html',
  expose: false,
  statusCode: 404,
  status: 404
}
[Error: ENOENT: no such file or directory, stat '/home/urwqovlpkp/domains/edweb.site/public_html/index.html'] {
  errno: -2,
  code: 'ENOENT',
  syscall: 'stat',
  path: '/home/urwqovlpkp/domains/edweb.site/public_html/index.html',
  expose: false,
  statusCode: 404,
  status: 404
}
[Error: ENOENT: no such file or directory, stat '/home/urwqovlpkp/domains/edweb.site/public_html/index.html'] {
  errno: -2,
  code: 'ENOENT',
  syscall: 'stat',
  path: '/home/urwqovlpkp/domains/edweb.site/public_html/index.html',
  expose: false,
  statusCode: 404,
  status: 404
}
[Error: ENOENT: no such file or directory, stat '/home/urwqovlpkp/domains/edweb.site/public_html/index.html'] {
  errno: -2,
  code: 'ENOENT',
  syscall: 'stat',
  path: '/home/urwqovlpkp/domains/edweb.site/public_html/index.html',
  expose: false,
  statusCode: 404,
  status: 404
}
[Error: ENOENT: no such file or directory, stat '/home/urwqovlpkp/domains/edweb.site/public_html/index.html'] {
  errno: -2,
  code: 'ENOENT',
  syscall: 'stat',
  path: '/home/urwqovlpkp/domains/edweb.site/public_html/index.html',
  expose: false,
  statusCode: 404,
  status: 404
}
[Error: ENOENT: no such file or directory, stat '/home/urwqovlpkp/domains/edweb.site/public_html/index.html'] {
  errno: -2,
  code: 'ENOENT',
  syscall: 'stat',
  path: '/home/urwqovlpkp/domains/edweb.site/public_html/index.html',
  expose: false,
  statusCode: 404,
  status: 404
}
[Error: ENOENT: no such file or directory, stat '/home/urwqovlpkp/domains/edweb.site/public_html/index.html'] {
  errno: -2,
  code: 'ENOENT',
  syscall: 'stat',
  path: '/home/urwqovlpkp/domains/edweb.site/public_html/index.html',
  expose: false,
  statusCode: 404,
  status: 404
}
[Error: ENOENT: no such file or directory, stat '/home/urwqovlpkp/domains/edweb.site/public_html/index.html'] {
  errno: -2,
  code: 'ENOENT',
  syscall: 'stat',
  path: '/home/urwqovlpkp/domains/edweb.site/public_html/index.html',
  expose: false,
  statusCode: 404,
  status: 404
}
[Error: ENOENT: no such file or directory, stat '/home/urwqovlpkp/domains/edweb.site/public_html/index.html'] {
  errno: -2,
  code: 'ENOENT',
  syscall: 'stat',
  path: '/home/urwqovlpkp/domains/edweb.site/public_html/index.html',
  expose: false,
  statusCode: 404,
  status: 404
}
[Error: ENOENT: no such file or directory, stat '/home/urwqovlpkp/domains/edweb.site/public_html/index.html'] {
  errno: -2,
  code: 'ENOENT',
  syscall: 'stat',
  path: '/home/urwqovlpkp/domains/edweb.site/public_html/index.html',
  expose: false,
  statusCode: 404,
  status: 404
}
[Error: ENOENT: no such file or directory, stat '/home/urwqovlpkp/domains/edweb.site/public_html/index.html'] {
  errno: -2,
  code: 'ENOENT',
  syscall: 'stat',
  path: '/home/urwqovlpkp/domains/edweb.site/public_html/index.html',
  expose: false,
  statusCode: 404,
  status: 404
}
[Error: ENOENT: no such file or directory, stat '/home/urwqovlpkp/domains/edweb.site/public_html/index.html'] {
  errno: -2,
  code: 'ENOENT',
  syscall: 'stat',
  path: '/home/urwqovlpkp/domains/edweb.site/public_html/index.html',
  expose: false,
  statusCode: 404,
  status: 404
}
Error: Request aborted
    at onaborted (/home/urwqovlpkp/nodevenv/domains/edweb.site/react_app_v1/14/lib/node_modules/express/lib/response.js:1052:15)
    at Immediate._onImmediate (/home/urwqovlpkp/nodevenv/domains/edweb.site/react_app_v1/14/lib/node_modules/express/lib/response.js:1094:9)
    at processImmediate (internal/timers.js:464:21) {
  code: 'ECONNABORTED'
}
Error: Request aborted
    at onaborted (/home/urwqovlpkp/nodevenv/domains/edweb.site/react_app_v1/14/lib/node_modules/express/lib/response.js:1052:15)
    at Immediate._onImmediate (/home/urwqovlpkp/nodevenv/domains/edweb.site/react_app_v1/14/lib/node_modules/express/lib/response.js:1094:9)
    at processImmediate (internal/timers.js:464:21) {
  code: 'ECONNABORTED'
}
Error: Request aborted
    at onaborted (/home/urwqovlpkp/nodevenv/domains/edweb.site/react_app_v1/14/lib/node_modules/express/lib/response.js:1052:15)
    at Immediate._onImmediate (/home/urwqovlpkp/nodevenv/domains/edweb.site/react_app_v1/14/lib/node_modules/express/lib/response.js:1094:9)
    at processImmediate (internal/timers.js:464:21) {
  code: 'ECONNABORTED'
}
Error: Request aborted
    at onaborted (/home/urwqovlpkp/nodevenv/domains/edweb.site/react_app_v1/14/lib/node_modules/express/lib/response.js:1052:15)
    at Immediate._onImmediate (/home/urwqovlpkp/nodevenv/domains/edweb.site/react_app_v1/14/lib/node_modules/express/lib/response.js:1094:9)
    at processImmediate (internal/timers.js:464:21) {
  code: 'ECONNABORTED'
}
Error: Request aborted
    at onaborted (/home/urwqovlpkp/nodevenv/domains/edweb.site/react_app_v1/14/lib/node_modules/express/lib/response.js:1052:15)
    at Immediate._onImmediate (/home/urwqovlpkp/nodevenv/domains/edweb.site/react_app_v1/14/lib/node_modules/express/lib/response.js:1094:9)
    at processImmediate (internal/timers.js:464:21) {
  code: 'ECONNABORTED'
}
Error: Request aborted
    at onaborted (/home/urwqovlpkp/nodevenv/domains/edweb.site/react_app_v1/14/lib/node_modules/express/lib/response.js:1052:15)
    at Immediate._onImmediate (/home/urwqovlpkp/nodevenv/domains/edweb.site/react_app_v1/14/lib/node_modules/express/lib/response.js:1094:9)
    at processImmediate (internal/timers.js:464:21) {
  code: 'ECONNABORTED'
}
Error: Request aborted
    at onaborted (/home/urwqovlpkp/nodevenv/domains/edweb.site/react_app_v1/14/lib/node_modules/express/lib/response.js:1052:15)
    at Immediate._onImmediate (/home/urwqovlpkp/nodevenv/domains/edweb.site/react_app_v1/14/lib/node_modules/express/lib/response.js:1094:9)
    at processImmediate (internal/timers.js:464:21) {
  code: 'ECONNABORTED'
}
Error: Request aborted
    at onaborted (/home/urwqovlpkp/nodevenv/domains/edweb.site/react_app_v1/14/lib/node_modules/express/lib/response.js:1052:15)
    at Immediate._onImmediate (/home/urwqovlpkp/nodevenv/domains/edweb.site/react_app_v1/14/lib/node_modules/express/lib/response.js:1094:9)
    at processImmediate (internal/timers.js:464:21) {
  code: 'ECONNABORTED'
}
Error: Request aborted
    at onaborted (/home/urwqovlpkp/nodevenv/domains/edweb.site/react_app_v1/14/lib/node_modules/express/lib/response.js:1052:15)
    at Immediate._onImmediate (/home/urwqovlpkp/nodevenv/domains/edweb.site/react_app_v1/14/lib/node_modules/express/lib/response.js:1094:9)
    at processImmediate (internal/timers.js:464:21) {
  code: 'ECONNABORTED'
}
Error: Request aborted
    at onaborted (/home/urwqovlpkp/nodevenv/domains/edweb.site/react_app_v1/14/lib/node_modules/express/lib/response.js:1052:15)
    at Immediate._onImmediate (/home/urwqovlpkp/nodevenv/domains/edweb.site/react_app_v1/14/lib/node_modules/express/lib/response.js:1094:9)
    at processImmediate (internal/timers.js:464:21) {
  code: 'ECONNABORTED'
}
Error: Request aborted
    at onaborted (/home/urwqovlpkp/nodevenv/domains/edweb.site/react_app_v1/14/lib/node_modules/express/lib/response.js:1052:15)
    at Immediate._onImmediate (/home/urwqovlpkp/nodevenv/domains/edweb.site/react_app_v1/14/lib/node_modules/express/lib/response.js:1094:9)
    at processImmediate (internal/timers.js:464:21) {
  code: 'ECONNABORTED'
}
Error: Request aborted
    at onaborted (/home/urwqovlpkp/nodevenv/domains/edweb.site/react_app_v1/14/lib/node_modules/express/lib/response.js:1052:15)
    at Immediate._onImmediate (/home/urwqovlpkp/nodevenv/domains/edweb.site/react_app_v1/14/lib/node_modules/express/lib/response.js:1094:9)
    at processImmediate (internal/timers.js:464:21) {
  code: 'ECONNABORTED'
}
Error: Request aborted
    at onaborted (/home/urwqovlpkp/nodevenv/domains/edweb.site/react_app_v1/14/lib/node_modules/express/lib/response.js:1052:15)
    at Immediate._onImmediate (/home/urwqovlpkp/nodevenv/domains/edweb.site/react_app_v1/14/lib/node_modules/express/lib/response.js:1094:9)
    at processImmediate (internal/timers.js:464:21) {
  code: 'ECONNABORTED'
}
Error: Request aborted
    at onaborted (/home/urwqovlpkp/nodevenv/domains/edweb.site/react_app_v1/14/lib/node_modules/express/lib/response.js:1052:15)
    at Immediate._onImmediate (/home/urwqovlpkp/nodevenv/domains/edweb.site/react_app_v1/14/lib/node_modules/express/lib/response.js:1094:9)
    at processImmediate (internal/timers.js:464:21) {
  code: 'ECONNABORTED'
}
Error: Request aborted
    at onaborted (/home/urwqovlpkp/nodevenv/domains/edweb.site/react_app_v1/14/lib/node_modules/express/lib/response.js:1052:15)
    at Immediate._onImmediate (/home/urwqovlpkp/nodevenv/domains/edweb.site/react_app_v1/14/lib/node_modules/express/lib/response.js:1094:9)
    at processImmediate (internal/timers.js:464:21) {
  code: 'ECONNABORTED'
}
Error: Request aborted
    at onaborted (/home/urwqovlpkp/nodevenv/domains/edweb.site/react_app_v1/14/lib/node_modules/express/lib/response.js:1052:15)
    at Immediate._onImmediate (/home/urwqovlpkp/nodevenv/domains/edweb.site/react_app_v1/14/lib/node_modules/express/lib/response.js:1094:9)
    at processImmediate (internal/timers.js:464:21) {
  code: 'ECONNABORTED'
}
internal/modules/cjs/loader.js:905
  throw err;
  ^

Error: Cannot find module 'express'
Require stack:
- /home/urwqovlpkp/domains/edweb.site/react_app_v1/server.js
- /usr/local/lsws/fcgi-bin/lsnode.js
    at Function.Module._resolveFilename (internal/modules/cjs/loader.js:902:15)
    at Function.Module._load (internal/modules/cjs/loader.js:746:27)
    at Module.require (internal/modules/cjs/loader.js:974:19)
    at require (internal/modules/cjs/helpers.js:101:18)
    at Object.<anonymous> (/home/urwqovlpkp/domains/edweb.site/react_app_v1/server.js:2:17)
    at Module._compile (internal/modules/cjs/loader.js:1085:14)
    at Object.Module._extensions..js (internal/modules/cjs/loader.js:1114:10)
    at Module.load (internal/modules/cjs/loader.js:950:32)
    at Function.Module._load (internal/modules/cjs/loader.js:790:12)
    at Module.require (internal/modules/cjs/loader.js:974:19) {
  code: 'MODULE_NOT_FOUND',
  requireStack: [
    '/home/urwqovlpkp/domains/edweb.site/react_app_v1/server.js',
    '/usr/local/lsws/fcgi-bin/lsnode.js'
  ]
}
[Error: ENOENT: no such file or directory, stat '/home/urwqovlpkp/domains/edweb.site/public_html/index.html'] {
  errno: -2,
  code: 'ENOENT',
  syscall: 'stat',
  path: '/home/urwqovlpkp/domains/edweb.site/public_html/index.html',
  expose: false,
  statusCode: 404,
  status: 404
}
[Error: ENOENT: no such file or directory, stat '/home/urwqovlpkp/domains/edweb.site/public_html/index.html'] {
  errno: -2,
  code: 'ENOENT',
  syscall: 'stat',
  path: '/home/urwqovlpkp/domains/edweb.site/public_html/index.html',
  expose: false,
  statusCode: 404,
  status: 404
}
[Error: ENOENT: no such file or directory, stat '/home/urwqovlpkp/domains/edweb.site/public_html/index.html'] {
  errno: -2,
  code: 'ENOENT',
  syscall: 'stat',
  path: '/home/urwqovlpkp/domains/edweb.site/public_html/index.html',
  expose: false,
  statusCode: 404,
  status: 404
}
[Error: ENOENT: no such file or directory, stat '/home/urwqovlpkp/domains/edweb.site/public_html/index.html'] {
  errno: -2,
  code: 'ENOENT',
  syscall: 'stat',
  path: '/home/urwqovlpkp/domains/edweb.site/public_html/index.html',
  expose: false,
  statusCode: 404,
  status: 404
}
[Error: ENOENT: no such file or directory, stat '/home/urwqovlpkp/domains/edweb.site/public_html/index.html'] {
  errno: -2,
  code: 'ENOENT',
  syscall: 'stat',
  path: '/home/urwqovlpkp/domains/edweb.site/public_html/index.html',
  expose: false,
  statusCode: 404,
  status: 404
}
internal/modules/cjs/loader.js:905
  throw err;
  ^

Error: Cannot find module 'express'
Require stack:
- /home/urwqovlpkp/domains/edweb.site/react_app_v1/server.js
- /usr/local/lsws/fcgi-bin/lsnode.js
    at Function.Module._resolveFilename (internal/modules/cjs/loader.js:902:15)
    at Function.Module._load (internal/modules/cjs/loader.js:746:27)
    at Module.require (internal/modules/cjs/loader.js:974:19)
    at require (internal/modules/cjs/helpers.js:101:18)
    at Object.<anonymous> (/home/urwqovlpkp/domains/edweb.site/react_app_v1/server.js:2:17)
    at Module._compile (internal/modules/cjs/loader.js:1085:14)
    at Object.Module._extensions..js (internal/modules/cjs/loader.js:1114:10)
    at Module.load (internal/modules/cjs/loader.js:950:32)
    at Function.Module._load (internal/modules/cjs/loader.js:790:12)
    at Module.require (internal/modules/cjs/loader.js:974:19) {
  code: 'MODULE_NOT_FOUND',
  requireStack: [
    '/home/urwqovlpkp/domains/edweb.site/react_app_v1/server.js',
    '/usr/local/lsws/fcgi-bin/lsnode.js'
  ]
}
